<?xml version="1.0" encoding="UTF-8"?>
<testng-results skipped="0" failed="0" total="1" passed="1">
  <reporter-output>
  </reporter-output>
  <suite name="Default suite" duration-ms="26" started-at="2017-08-26T15:16:30Z" finished-at="2017-08-26T15:16:30Z">
    <groups>
    </groups>
    <test name="Default test" duration-ms="26" started-at="2017-08-26T15:16:30Z" finished-at="2017-08-26T15:16:30Z">
      <class name="com.program.PrintSumDigitTest">
        <test-method status="PASS" signature="testSumDigit()[pri:0, instance:com.program.PrintSumDigitTest@1ef7fe8e]" name="testSumDigit" duration-ms="13" started-at="2017-08-26T20:46:30Z" finished-at="2017-08-26T20:46:30Z">
          <reporter-output>
          </reporter-output>
        </test-method> <!-- testSumDigit -->
      </class> <!-- com.program.PrintSumDigitTest -->
    </test> <!-- Default test -->
  </suite> <!-- Default suite -->
</testng-results>
